0 info it worked if it ends with ok
1 verbose cli [ 'node', '/usr/local/bin/npm', 'start' ]
2 info using npm@2.12.1
3 info using node@v0.12.7
4 verbose node symlink /usr/local/bin/node
5 verbose run-script [ 'prestart', 'start', 'poststart' ]
6 info prestart tessel-playtime@1.0.0
7 info start tessel-playtime@1.0.0
8 verbose unsafe-perm in lifecycle true
9 info tessel-playtime@1.0.0 Failed to exec start script
10 verbose stack Error: tessel-playtime@1.0.0 start: `tessel run network_data_transfer.js --listen all`
10 verbose stack Exit status 251
10 verbose stack     at EventEmitter.<anonymous> (/usr/local/lib/node_modules/npm/lib/utils/lifecycle.js:213:16)
10 verbose stack     at EventEmitter.emit (events.js:110:17)
10 verbose stack     at ChildProcess.<anonymous> (/usr/local/lib/node_modules/npm/lib/utils/spawn.js:24:14)
10 verbose stack     at ChildProcess.emit (events.js:110:17)
10 verbose stack     at maybeClose (child_process.js:1015:16)
10 verbose stack     at Process.ChildProcess._handle.onexit (child_process.js:1087:5)
11 verbose pkgid tessel-playtime@1.0.0
12 verbose cwd /Users/erik/Projects/successel/device
13 error Darwin 14.5.0
14 error argv "node" "/usr/local/bin/npm" "start"
15 error node v0.12.7
16 error npm  v2.12.1
17 error code ELIFECYCLE
18 error tessel-playtime@1.0.0 start: `tessel run network_data_transfer.js --listen all`
18 error Exit status 251
19 error Failed at the tessel-playtime@1.0.0 start script 'tessel run network_data_transfer.js --listen all'.
19 error This is most likely a problem with the tessel-playtime package,
19 error not with npm itself.
19 error Tell the author that this fails on your system:
19 error     tessel run network_data_transfer.js --listen all
19 error You can get their info via:
19 error     npm owner ls tessel-playtime
19 error There is likely additional logging output above.
20 verbose exit [ 1, true ]
